<?xml version="1.0" encoding="UTF-8"?>
<!-- Generated by org.testng.reporters.JUnitReportReporter -->
<testsuite hostname="DESKTOP-Q1SV7Q4" failures="0" tests="1" name="Com.internetbancking.TestCases.NewCustomerTestCase" time="33.403" errors="0" timestamp="2022-11-29T14:35:51 IST" skipped="0">
  <testcase classname="Com.internetbancking.TestCases.NewCustomerTestCase" name="AddNewCustomer" time="33.403"/>
  <system-out/>
</testsuite> <!-- Com.internetbancking.TestCases.NewCustomerTestCase -->
